The Netlify deploy errored, with the following guidance provided:

**Diagnosis:**
The build failure is due to a missing dependency that is required for the Vite build process.

**Solution:**
1. Verify that the missing dependency is listed in the `package.json` file or was committed to the repository.
2. If the package is not listed, add the missing dependency to the `dependencies` or `devDependencies` section of the `package.json` file.
3. Re-run the build to ensure that the dependency is now correctly resolved.

The relevant error logs are:

Line 54: npm WARN EBADENGINE   required: { node: '^20.19.0 || >=22.12.0' },
Line 55: npm WARN EBADENGINE   current: { node: 'v18.20.8', npm: '8.19.4' }
Line 56: npm WARN EBADENGINE }
Line 57: up to date in 418ms
Line 58: npm packages installed
Line 59: Successfully installed dependencies
Line 60: Starting build script
Line 61: Detected 1 framework(s)
Line 62: "vite" at version "7.1.2"
Line 63: Section completed: initializing
Line 64: Failed during stage 'building site': Build script returned non-zero exit code: 2
Line 65: [96m[1mâ€‹[22m[39m
Line 66: [96m[1mNetlify Build                                                 [22m[39m
Line 67: [96m[1mâ”€â”€â”€â”€â”€â”€â”€â”€â”€â”€â”€â”€â”€â”€â”€â”€â”€â”€â”€â”€â”€â”€â”€â”€â”€â”€â”€â”€â”€â”€â”€â”€â”€â”€â”€â”€â”€â”€â”€â”€â”€â”€â”€â”€â”€â”€â”€â”€â”€â”€â”€â”€â”€â”€â”€â”€â”€â”€â”€â”€â”€â”€â”€â”€[22m[39m
Line 68: [36m[1mâ€‹[22m[39m
Line 69: [36m[1mâ¯ Version[22m[39m
Line 70:   @netlify/build 35.1.2
Line 71: [36m[1mâ€‹[22m[39m
Line 72: [36m[1mâ¯ Flags[22m[39m
Line 73:   accountId: 6825b02bb0ef1069c15608b4
Line 74:   baseRelDir: true
Line 88: [96m[1mâ”€â”€â”€â”€â”€â”€â”€â”€â”€â”€â”€â”€â”€â”€â”€â”€â”€â”€â”€â”€â”€â”€â”€â”€â”€â”€â”€â”€â”€â”€â”€â”€â”€â”€â”€â”€â”€â”€â”€â”€â”€â”€â”€â”€â”€â”€â”€â”€â”€â”€â”€â”€â”€â”€â”€â”€â”€â”€â”€â”€â”€â”€â”€â”€[22m[39m
Line 89: â€‹
Line 90: [36m$ npm run build:integrated[39m
Line 91: npm ERR! Missing script: "build:integrated"
Line 92: npm ERR!
Line 93: npm ERR! To see a list of scripts, run:
Line 94: npm ERR!   npm run
Line 95: npm ERR! A complete log of this run can be found in:
Line 96: npm ERR!     /opt/buildhome/.npm/_logs/2025-08-24T16_13_15_435Z-debug-0.log
Line 97: [91m[1mâ€‹[22m[39m
Line 98: [91m[1m"build.command" failed                                        [22m[39m
Line 99: [91m[1mâ”€â”€â”€â”€â”€â”€â”€â”€â”€â”€â”€â”€â”€â”€â”€â”€â”€â”€â”€â”€â”€â”€â”€â”€â”€â”€â”€â”€â”€â”€â”€â”€â”€â”€â”€â”€â”€â”€â”€â”€â”€â”€â”€â”€â”€â”€â”€â”€â”€â”€â”€â”€â”€â”€â”€â”€â”€â”€â”€â”€â”€â”€â”€â”€[22m[39m
Line 100: â€‹
Line 101:   [31m[1mError message[22m[39m
Line 102:   Command failed with exit code 1: npm run build:integrated
Line 103: â€‹
Line 104:   [31m[1mError location[22m[39m
Line 105:   In build.command from netlify.toml:
Line 106:   npm run build:integrated
Line 107: â€‹
Line 108:   [31m[1mResolved config[22m[39m
Line 109:   build:
Line 110:     base: /opt/build/repo/frontend
Line 111:     command: npm run build:integrated
Line 112:     commandOrigin: config
Line 113:     environment:
Line 114:       - VITE_API_BASE_URL
Line 115:       - VITE_NODE_ENV
Line 116:       - NODE_VERSION
Line 117:       - NPM_VERSION
Line 118:     publish: /opt/build/repo/frontend/dist
Line 119:     publishOrigin: config
Line 120:   headers:
Line 121:     - for: /*
      values:
        Referrer-Policy: strict-origin-when-cross-origin
        X-Content-Type-Options: nosniff
   
Line 122: Build failed due to a user error: Build script returned non-zero exit code: 2
Line 123: Failing build: Failed to build site
Line 124: Finished processing build request in 19.909s



5:13:15 PM: Failed during stage 'building site': Build script returned non-zero exit code: 2 (https://ntl.fyi/exit-code-2)
5:13:15 PM: Netlify Build                                                 
5:13:15 PM: â”€â”€â”€â”€â”€â”€â”€â”€â”€â”€â”€â”€â”€â”€â”€â”€â”€â”€â”€â”€â”€â”€â”€â”€â”€â”€â”€â”€â”€â”€â”€â”€â”€â”€â”€â”€â”€â”€â”€â”€â”€â”€â”€â”€â”€â”€â”€â”€â”€â”€â”€â”€â”€â”€â”€â”€â”€â”€â”€â”€â”€â”€â”€â”€
5:13:15 PM: â€‹
5:13:15 PM: â¯ Version
5:13:15 PM:   @netlify/build 35.1.2
5:13:15 PM: â€‹
5:13:15 PM: â¯ Flags
5:13:15 PM:   accountId: 6825b02bb0ef1069c15608b4
5:13:15 PM:   baseRelDir: true
5:13:15 PM:   buildId: 68ab3a076c334700089cb2c6
5:13:15 PM:   deployId: 68ab3a076c334700089cb2c8
5:13:15 PM: â€‹
5:13:15 PM: â¯ Current directory
5:13:15 PM:   /opt/build/repo/frontend
5:13:15 PM: â€‹
5:13:15 PM: â¯ Config file
5:13:15 PM:   /opt/build/repo/netlify.toml
5:13:15 PM: â€‹
5:13:15 PM: â¯ Context
5:13:15 PM:   production
5:13:15 PM: â€‹
5:13:15 PM: build.command from netlify.toml                               
5:13:15 PM: â”€â”€â”€â”€â”€â”€â”€â”€â”€â”€â”€â”€â”€â”€â”€â”€â”€â”€â”€â”€â”€â”€â”€â”€â”€â”€â”€â”€â”€â”€â”€â”€â”€â”€â”€â”€â”€â”€â”€â”€â”€â”€â”€â”€â”€â”€â”€â”€â”€â”€â”€â”€â”€â”€â”€â”€â”€â”€â”€â”€â”€â”€â”€â”€
5:13:15 PM: â€‹
5:13:15 PM: $ npm run build:integrated
5:13:15 PM: npm ERR! Missing script: "build:integrated"
5:13:15 PM: npm ERR!
5:13:15 PM: npm ERR! To see a list of scripts, run:
5:13:15 PM: npm ERR!   npm run
5:13:15 PM: npm ERR! A complete log of this run can be found in:
5:13:15 PM: npm ERR!     /opt/buildhome/.npm/_logs/2025-08-24T16_13_15_435Z-debug-0.log
5:13:15 PM: â€‹
5:13:15 PM: "build.command" failed                                        
5:13:15 PM: â”€â”€â”€â”€â”€â”€â”€â”€â”€â”€â”€â”€â”€â”€â”€â”€â”€â”€â”€â”€â”€â”€â”€â”€â”€â”€â”€â”€â”€â”€â”€â”€â”€â”€â”€â”€â”€â”€â”€â”€â”€â”€â”€â”€â”€â”€â”€â”€â”€â”€â”€â”€â”€â”€â”€â”€â”€â”€â”€â”€â”€â”€â”€â”€
5:13:15 PM: â€‹
5:13:15 PM:   Error message
5:13:15 PM:   Command failed with exit code 1: npm run build:integrated (https://ntl.fyi/exit-code-1)
5:13:15 PM: â€‹
5:13:15 PM:   Error location
5:13:15 PM:   In build.command from netlify.toml:
5:13:15 PM:   npm run build:integrated
5:13:15 PM: â€‹
5:13:15 PM:   Resolved config
5:13:15 PM:   build:
5:13:15 PM:     base: /opt/build/repo/frontend
5:13:15 PM:     command: npm run build:integrated
5:13:15 PM:     commandOrigin: config
5:13:15 PM:     environment:
5:13:15 PM:       - VITE_API_BASE_URL
5:13:15 PM:       - VITE_NODE_ENV
5:13:15 PM:       - NODE_VERSION
5:13:15 PM:       - NPM_VERSION
5:13:15 PM:     publish: /opt/build/repo/frontend/dist
5:13:15 PM:     publishOrigin: config
5:13:15 PM:   headers:
5:13:15 PM:     - for: /*
      values:
        Referrer-Policy: strict-origin-when-cross-origin
        X-Content-Type-Options: nosniff
        X-Frame-Options: DENY
        X-XSS-Protection: 1; mode=block
    - for: /demo/_next/static/*
      values:
        Cache-Control: public, max-age=31536000, immutable
    - for: /assets/*
      values:
        Cache-Control: public, max-age=31536000, immutable
  headersOrigin: config
  redirects:
    - from: /
      status: 200
      to: /index.html
    - from: /research
      status: 200
      to: /index.html
    - from: /grading
      status: 200
      to: /index.html
    - from: /future
      status: 200
      to: /index.html
    - from: /challenge
      status: 200
      to: /index.html
    - from: /demo
      status: 200
      to: /demo/index.html
    - from: /demo/*
      status: 200
      to: /demo/:splat
    - from: /demo/api/*
      status: 200
      to: /demo/api/:splat
  redirectsOrigin: config
5:13:15 PM: Build failed due to a user error: Build script returned non-zero exit code: 2
5:13:15 PM: Failing build: Failed to build site
5:13:16 PM: Finished processing build request in 19.909s
